C51 COMPILER V9.00   DS12887                                                               04/08/2017 19:40:17 PAGE 1   


C51 COMPILER V9.00, COMPILATION OF MODULE DS12887
OBJECT MODULE PLACED IN DS12887.OBJ
COMPILER INVOKED BY: D:\Keil\C51\BIN\C51.EXE DS12887.c LARGE BROWSE DEBUG OBJECTEXTEND

line level    source

   1          #include "DS12887.h"
   2          
   3          /***************************************************
   4          ************DS12887初始化程序************************
   5          ****************************************************/
   6          void DS_init()
   7          {
   8   1          DS_A=0x20;
   9   1              DS_B=0x12;
  10   1      } 
  11          
  12          
  13          void write_time() 
  14          {
  15   1              DS_A=0x2f;          //寄存器Ａ
  16   1              DS_B|=0x90; 
  17   1              Years=0x17;         //年 
  18   1              Month=0x04;         //月 
  19   1              Day=0x08;           //日 
  20   1              Week=0x06;          //星期 
  21   1              Hour=0x11;          //时 
  22   1              Minute=0x02;        //分 
  23   1              Second=0x00;        //秒 
  24   1              DS_B &=0x7f;        //寄存器Ａ 
  25   1      }


MODULE INFORMATION:   STATIC OVERLAYABLE
   CODE SIZE        =     71    ----
   CONSTANT SIZE    =   ----    ----
   XDATA SIZE       =   ----    ----
   PDATA SIZE       =   ----    ----
   DATA SIZE        =   ----    ----
   IDATA SIZE       =   ----    ----
   BIT SIZE         =   ----    ----
END OF MODULE INFORMATION.


C51 COMPILATION COMPLETE.  0 WARNING(S),  0 ERROR(S)
