C51 COMPILER V9.00   SYS                                                                   04/08/2017 21:09:00 PAGE 1   


C51 COMPILER V9.00, COMPILATION OF MODULE SYS
OBJECT MODULE PLACED IN sys.OBJ
COMPILER INVOKED BY: D:\Keil\C51\BIN\C51.EXE sys.c LARGE BROWSE DEBUG OBJECTEXTEND

line level    source

   1          #include "sys.h"
   2          
   3          void Delay(WORD n)
   4          {
   5   1          WORD x;
   6   1              while(n--)
   7   1              {
   8   2                  x=500;
   9   2                      while(x--);
  10   2              }
  11   1      }
  12          
  13          void Delay2(WORD n)
  14          {
  15   1          WORD x;
  16   1              while(n--)
  17   1              {
  18   2                  x=5000;
  19   2                      while(x--);
  20   2              }
  21   1      }
  22          
  23          /*********************************************************
  24          *—” ±nŒ¢√Î≥Ã–Ú
  25          **********************************************************/
  26          void DelayXus(WORD n)
  27          {
  28   1          while(--n);
  29   1      }


MODULE INFORMATION:   STATIC OVERLAYABLE
   CODE SIZE        =     64    ----
   CONSTANT SIZE    =   ----    ----
   XDATA SIZE       =   ----    ----
   PDATA SIZE       =   ----    ----
   DATA SIZE        =   ----    ----
   IDATA SIZE       =   ----    ----
   BIT SIZE         =   ----    ----
END OF MODULE INFORMATION.


C51 COMPILATION COMPLETE.  0 WARNING(S),  0 ERROR(S)
